Determining if the pthread_create exist failed with the following output:
Change Dir: /home/hoang/workspace/StreamClient/build/CMakeFiles/CMakeTmp

Run Build Command:"/usr/bin/make" "cmTC_d34d7/fast"
/usr/bin/make -f CMakeFiles/cmTC_d34d7.dir/build.make CMakeFiles/cmTC_d34d7.dir/build
make[1]: Entering directory '/home/hoang/workspace/StreamClient/build/CMakeFiles/CMakeTmp'
Building C object CMakeFiles/cmTC_d34d7.dir/CheckSymbolExists.c.o
/usr/bin/cc   -fPIC    -o CMakeFiles/cmTC_d34d7.dir/CheckSymbolExists.c.o   -c /home/hoang/workspace/StreamClient/build/CMakeFiles/CMakeTmp/CheckSymbolExists.c
Linking C executable cmTC_d34d7
/usr/bin/cmake -E cmake_link_script CMakeFiles/cmTC_d34d7.dir/link.txt --verbose=1
/usr/bin/cc -fPIC     CMakeFiles/cmTC_d34d7.dir/CheckSymbolExists.c.o  -o cmTC_d34d7 
CMakeFiles/cmTC_d34d7.dir/CheckSymbolExists.c.o: In function `main':
CheckSymbolExists.c:(.text+0x14): undefined reference to `pthread_create'
CheckSymbolExists.c:(.text+0x18): undefined reference to `pthread_create'
collect2: error: ld returned 1 exit status
CMakeFiles/cmTC_d34d7.dir/build.make:97: recipe for target 'cmTC_d34d7' failed
make[1]: *** [cmTC_d34d7] Error 1
make[1]: Leaving directory '/home/hoang/workspace/StreamClient/build/CMakeFiles/CMakeTmp'
Makefile:126: recipe for target 'cmTC_d34d7/fast' failed
make: *** [cmTC_d34d7/fast] Error 2

File /home/hoang/workspace/StreamClient/build/CMakeFiles/CMakeTmp/CheckSymbolExists.c:
/* */
#include <pthread.h>

int main(int argc, char** argv)
{
  (void)argv;
#ifndef pthread_create
  return ((int*)(&pthread_create))[argc];
#else
  (void)argc;
  return 0;
#endif
}

Determining if the function pthread_create exists in the pthreads failed with the following output:
Change Dir: /home/hoang/workspace/StreamClient/build/CMakeFiles/CMakeTmp

Run Build Command:"/usr/bin/make" "cmTC_ab7c9/fast"
/usr/bin/make -f CMakeFiles/cmTC_ab7c9.dir/build.make CMakeFiles/cmTC_ab7c9.dir/build
make[1]: Entering directory '/home/hoang/workspace/StreamClient/build/CMakeFiles/CMakeTmp'
Building C object CMakeFiles/cmTC_ab7c9.dir/CheckFunctionExists.c.o
/usr/bin/cc   -fPIC -DCHECK_FUNCTION_EXISTS=pthread_create   -o CMakeFiles/cmTC_ab7c9.dir/CheckFunctionExists.c.o   -c /usr/share/cmake-3.10/Modules/CheckFunctionExists.c
Linking C executable cmTC_ab7c9
/usr/bin/cmake -E cmake_link_script CMakeFiles/cmTC_ab7c9.dir/link.txt --verbose=1
/usr/bin/cc -fPIC -DCHECK_FUNCTION_EXISTS=pthread_create    CMakeFiles/cmTC_ab7c9.dir/CheckFunctionExists.c.o  -o cmTC_ab7c9 -lpthreads 
/usr/bin/ld: cannot find -lpthreads
collect2: error: ld returned 1 exit status
CMakeFiles/cmTC_ab7c9.dir/build.make:97: recipe for target 'cmTC_ab7c9' failed
make[1]: *** [cmTC_ab7c9] Error 1
make[1]: Leaving directory '/home/hoang/workspace/StreamClient/build/CMakeFiles/CMakeTmp'
Makefile:126: recipe for target 'cmTC_ab7c9/fast' failed
make: *** [cmTC_ab7c9/fast] Error 2


